<?xml version="1.0" encoding="UTF-8"?>
<testng-results skipped="0" failed="0" ignored="0" total="2" passed="2">
  <reporter-output>
  </reporter-output>
  <suite name="Default suite" duration-ms="26007" started-at="2022-07-05T18:43:02Z" finished-at="2022-07-05T18:43:28Z">
    <groups>
    </groups>
    <test name="Default test" duration-ms="26007" started-at="2022-07-05T18:43:02Z" finished-at="2022-07-05T18:43:28Z">
      <class name="Tests.AuthenticationTests">
        <test-method status="PASS" signature="Preq()[pri:0, instance:Tests.AuthenticationTests@66a3ffec]" name="Preq" is-config="true" duration-ms="526" started-at="2022-07-05T18:43:02Z" finished-at="2022-07-05T18:43:02Z">
          <reporter-output>
          </reporter-output>
        </test-method> <!-- Preq -->
        <test-method status="PASS" signature="TestRegirster()[pri:1, instance:Tests.AuthenticationTests@66a3ffec]" name="TestRegirster" duration-ms="14313" started-at="2022-07-05T18:43:02Z" finished-at="2022-07-05T18:43:17Z">
          <reporter-output>
          </reporter-output>
        </test-method> <!-- TestRegirster -->
        <test-method status="PASS" signature="TestLogin()[pri:2, instance:Tests.AuthenticationTests@66a3ffec]" name="TestLogin" duration-ms="10456" started-at="2022-07-05T18:43:17Z" finished-at="2022-07-05T18:43:27Z">
          <reporter-output>
          </reporter-output>
        </test-method> <!-- TestLogin -->
        <test-method status="PASS" signature="End()[pri:0, instance:Tests.AuthenticationTests@66a3ffec]" name="End" is-config="true" duration-ms="678" started-at="2022-07-05T18:43:27Z" finished-at="2022-07-05T18:43:28Z">
          <reporter-output>
          </reporter-output>
        </test-method> <!-- End -->
      </class> <!-- Tests.AuthenticationTests -->
    </test> <!-- Default test -->
  </suite> <!-- Default suite -->
</testng-results>
